<?xml version="1.0" encoding="UTF-8"?>
<!-- Generated by org.testng.reporters.JUnitReportReporter -->
<testsuite hostname="TYC1121225" failures="0" tests="1" name="vtiger.lead_module_test.ToVerifyLeadInfoTest" time="15.085" errors="0" timestamp="2023-06-14T14:45:50 IST" skipped="0">
  <testcase classname="vtiger.lead_module_test.ToVerifyLeadInfoTest" name="toCreateALeadAndToVerifyLeadInfoTest" time="15.085"/>
  <system-out/>
</testsuite> <!-- vtiger.lead_module_test.ToVerifyLeadInfoTest -->
